2020-06-22 11:50:19,493 INFO org.springframework.boot.logging.DeferredLog [restartedMain] Devtools property defaults active! Set 'spring.devtools.add-properties' to 'false' to disable
2020-06-22 11:50:21,817 INFO org.springframework.cloud.config.client.ConfigServicePropertySourceLocator [restartedMain] Fetching config from server at : http://localhost:8888
2020-06-22 11:50:23,695 INFO org.springframework.cloud.config.client.ConfigServicePropertySourceLocator [restartedMain] Connect Timeout Exception on Url - http://localhost:8888. Will be trying the next url if available
2020-06-22 11:50:23,698 WARN org.springframework.cloud.config.client.ConfigServicePropertySourceLocator [restartedMain] Could not locate PropertySource: I/O error on GET request for "http://localhost:8888/currency-exchange-service/default": Connection refused: no further information; nested exception is java.net.ConnectException: Connection refused: no further information
2020-06-22 11:50:23,712 INFO org.springframework.boot.SpringApplication [restartedMain] No active profile set, falling back to default profiles: default
2020-06-22 11:50:27,771 INFO org.springframework.cloud.context.scope.GenericScope [restartedMain] BeanFactory id=828eb8d2-1213-3ac6-ab6d-98908748db14
2020-06-22 11:50:31,484 INFO org.springframework.boot.web.embedded.tomcat.TomcatWebServer [restartedMain] Tomcat initialized with port(s): 8000 (http)
2020-06-22 11:50:31,528 INFO org.apache.juli.logging.DirectJDKLog [restartedMain] Initializing ProtocolHandler ["http-nio-8000"]
2020-06-22 11:50:31,531 INFO org.apache.juli.logging.DirectJDKLog [restartedMain] Starting service [Tomcat]
2020-06-22 11:50:31,533 INFO org.apache.juli.logging.DirectJDKLog [restartedMain] Starting Servlet engine: [Apache Tomcat/9.0.33]
2020-06-22 11:50:31,959 INFO org.apache.juli.logging.DirectJDKLog [restartedMain] Initializing Spring embedded WebApplicationContext
2020-06-22 11:50:31,961 INFO org.springframework.boot.web.servlet.context.ServletWebServerApplicationContext [restartedMain] Root WebApplicationContext: initialization completed in 8158 ms
2020-06-22 11:50:34,031 INFO org.springframework.scheduling.concurrent.ExecutorConfigurationSupport [restartedMain] Initializing ExecutorService 'applicationTaskExecutor'
2020-06-22 11:50:35,162 INFO org.springframework.boot.devtools.autoconfigure.OptionalLiveReloadServer [restartedMain] LiveReload server is running on port 35729
2020-06-22 11:50:35,623 INFO org.springframework.boot.actuate.endpoint.web.EndpointLinksResolver [restartedMain] Exposing 2 endpoint(s) beneath base path '/actuator'
2020-06-22 11:50:35,926 INFO org.apache.juli.logging.DirectJDKLog [restartedMain] Starting ProtocolHandler ["http-nio-8000"]
2020-06-22 11:50:36,275 INFO org.springframework.boot.web.embedded.tomcat.TomcatWebServer [restartedMain] Tomcat started on port(s): 8000 (http) with context path ''
2020-06-22 11:50:36,383 INFO org.springframework.boot.StartupInfoLogger [restartedMain] Started CurrencyExchangeServiceApplication in 20.1 seconds (JVM running for 24.404)
2020-06-22 11:51:57,825 INFO org.apache.juli.logging.DirectJDKLog [http-nio-8000-exec-1] Initializing Spring DispatcherServlet 'dispatcherServlet'
2020-06-22 11:51:57,828 INFO org.springframework.web.servlet.FrameworkServlet [http-nio-8000-exec-1] Initializing Servlet 'dispatcherServlet'
2020-06-22 11:51:57,861 INFO org.springframework.web.servlet.FrameworkServlet [http-nio-8000-exec-1] Completed initialization in 32 ms
2020-06-22 11:52:39,217 INFO org.springframework.scheduling.concurrent.ExecutorConfigurationSupport [Thread-7] Shutting down ExecutorService 'applicationTaskExecutor'
2020-06-22 11:52:41,115 INFO org.springframework.cloud.config.client.ConfigServicePropertySourceLocator [restartedMain] Fetching config from server at : http://localhost:8888
2020-06-22 11:52:42,135 INFO org.springframework.cloud.config.client.ConfigServicePropertySourceLocator [restartedMain] Connect Timeout Exception on Url - http://localhost:8888. Will be trying the next url if available
2020-06-22 11:52:42,136 WARN org.springframework.cloud.config.client.ConfigServicePropertySourceLocator [restartedMain] Could not locate PropertySource: I/O error on GET request for "http://localhost:8888/currency-exchange-service/default": Connection refused: no further information; nested exception is java.net.ConnectException: Connection refused: no further information
2020-06-22 11:52:42,141 INFO org.springframework.boot.SpringApplication [restartedMain] No active profile set, falling back to default profiles: default
2020-06-22 11:52:43,944 INFO org.springframework.cloud.context.scope.GenericScope [restartedMain] BeanFactory id=828eb8d2-1213-3ac6-ab6d-98908748db14
2020-06-22 11:52:44,255 INFO org.springframework.boot.web.embedded.tomcat.TomcatWebServer [restartedMain] Tomcat initialized with port(s): 8000 (http)
2020-06-22 11:52:44,260 INFO org.apache.juli.logging.DirectJDKLog [restartedMain] Initializing ProtocolHandler ["http-nio-8000"]
2020-06-22 11:52:44,262 INFO org.apache.juli.logging.DirectJDKLog [restartedMain] Starting service [Tomcat]
2020-06-22 11:52:44,263 INFO org.apache.juli.logging.DirectJDKLog [restartedMain] Starting Servlet engine: [Apache Tomcat/9.0.33]
2020-06-22 11:52:44,437 INFO org.apache.juli.logging.DirectJDKLog [restartedMain] Initializing Spring embedded WebApplicationContext
2020-06-22 11:52:44,438 INFO org.springframework.boot.web.servlet.context.ServletWebServerApplicationContext [restartedMain] Root WebApplicationContext: initialization completed in 2283 ms
2020-06-22 11:52:45,336 INFO org.springframework.scheduling.concurrent.ExecutorConfigurationSupport [restartedMain] Initializing ExecutorService 'applicationTaskExecutor'
2020-06-22 11:52:45,855 INFO org.springframework.boot.devtools.autoconfigure.OptionalLiveReloadServer [restartedMain] LiveReload server is running on port 35729
2020-06-22 11:52:46,146 INFO org.springframework.boot.actuate.endpoint.web.EndpointLinksResolver [restartedMain] Exposing 2 endpoint(s) beneath base path '/actuator'
2020-06-22 11:52:46,298 INFO org.apache.juli.logging.DirectJDKLog [restartedMain] Starting ProtocolHandler ["http-nio-8000"]
2020-06-22 11:52:46,322 INFO org.springframework.boot.web.embedded.tomcat.TomcatWebServer [restartedMain] Tomcat started on port(s): 8000 (http) with context path ''
2020-06-22 11:52:46,593 INFO org.springframework.boot.StartupInfoLogger [restartedMain] Started CurrencyExchangeServiceApplication in 7.034 seconds (JVM running for 154.615)
2020-06-22 11:52:46,622 INFO org.springframework.boot.devtools.autoconfigure.ConditionEvaluationDeltaLoggingListener [restartedMain] Condition evaluation unchanged
2020-06-22 11:52:46,634 INFO org.apache.juli.logging.DirectJDKLog [http-nio-8000-exec-1] Initializing Spring DispatcherServlet 'dispatcherServlet'
2020-06-22 11:52:46,635 INFO org.springframework.web.servlet.FrameworkServlet [http-nio-8000-exec-1] Initializing Servlet 'dispatcherServlet'
2020-06-22 11:52:46,646 INFO org.springframework.web.servlet.FrameworkServlet [http-nio-8000-exec-1] Completed initialization in 10 ms
2020-06-22 11:52:46,713 INFO com.dpinc.microservices.currencyexchangeservice.CurrencyExchangeController [http-nio-8000-exec-1] The Exchange value from USD to SGD conversion is 1.5
2020-06-22 11:52:46,721 INFO com.dpinc.microservices.currencyexchangeservice.CurrencyExchangeController [http-nio-8000-exec-1] Exchange value : ExchangeValue(id=null, from=SGD, to=null, conversionMultiple=1.5)
2020-06-22 11:53:15,633 INFO org.springframework.scheduling.concurrent.ExecutorConfigurationSupport [Thread-11] Shutting down ExecutorService 'applicationTaskExecutor'
2020-06-22 11:53:16,683 INFO org.springframework.cloud.config.client.ConfigServicePropertySourceLocator [restartedMain] Fetching config from server at : http://localhost:8888
2020-06-22 11:53:17,708 INFO org.springframework.cloud.config.client.ConfigServicePropertySourceLocator [restartedMain] Connect Timeout Exception on Url - http://localhost:8888. Will be trying the next url if available
2020-06-22 11:53:17,709 WARN org.springframework.cloud.config.client.ConfigServicePropertySourceLocator [restartedMain] Could not locate PropertySource: I/O error on GET request for "http://localhost:8888/currency-exchange-service/default": Connection refused: no further information; nested exception is java.net.ConnectException: Connection refused: no further information
2020-06-22 11:53:17,714 INFO org.springframework.boot.SpringApplication [restartedMain] No active profile set, falling back to default profiles: default
2020-06-22 11:53:19,474 INFO org.springframework.cloud.context.scope.GenericScope [restartedMain] BeanFactory id=828eb8d2-1213-3ac6-ab6d-98908748db14
2020-06-22 11:53:19,948 INFO org.springframework.boot.web.embedded.tomcat.TomcatWebServer [restartedMain] Tomcat initialized with port(s): 8000 (http)
2020-06-22 11:53:19,952 INFO org.apache.juli.logging.DirectJDKLog [restartedMain] Initializing ProtocolHandler ["http-nio-8000"]
2020-06-22 11:53:19,955 INFO org.apache.juli.logging.DirectJDKLog [restartedMain] Starting service [Tomcat]
2020-06-22 11:53:19,956 INFO org.apache.juli.logging.DirectJDKLog [restartedMain] Starting Servlet engine: [Apache Tomcat/9.0.33]
2020-06-22 11:53:20,153 INFO org.apache.juli.logging.DirectJDKLog [restartedMain] Initializing Spring embedded WebApplicationContext
2020-06-22 11:53:20,154 INFO org.springframework.boot.web.servlet.context.ServletWebServerApplicationContext [restartedMain] Root WebApplicationContext: initialization completed in 2428 ms
2020-06-22 11:53:20,847 INFO org.springframework.scheduling.concurrent.ExecutorConfigurationSupport [restartedMain] Initializing ExecutorService 'applicationTaskExecutor'
2020-06-22 11:53:21,243 INFO org.springframework.boot.devtools.autoconfigure.OptionalLiveReloadServer [restartedMain] LiveReload server is running on port 35729
2020-06-22 11:53:21,387 INFO org.springframework.boot.actuate.endpoint.web.EndpointLinksResolver [restartedMain] Exposing 2 endpoint(s) beneath base path '/actuator'
2020-06-22 11:53:21,498 INFO org.apache.juli.logging.DirectJDKLog [restartedMain] Starting ProtocolHandler ["http-nio-8000"]
2020-06-22 11:53:21,557 INFO org.springframework.boot.web.embedded.tomcat.TomcatWebServer [restartedMain] Tomcat started on port(s): 8000 (http) with context path ''
2020-06-22 11:53:21,631 INFO org.apache.juli.logging.DirectJDKLog [http-nio-8000-exec-1] Initializing Spring DispatcherServlet 'dispatcherServlet'
2020-06-22 11:53:21,633 INFO org.springframework.web.servlet.FrameworkServlet [http-nio-8000-exec-1] Initializing Servlet 'dispatcherServlet'
2020-06-22 11:53:21,667 INFO org.springframework.web.servlet.FrameworkServlet [http-nio-8000-exec-1] Completed initialization in 6 ms
2020-06-22 11:53:21,698 INFO com.dpinc.microservices.currencyexchangeservice.CurrencyExchangeController [http-nio-8000-exec-1] The Exchange value from USD to SGD conversion is 1.5
2020-06-22 11:53:21,701 INFO com.dpinc.microservices.currencyexchangeservice.CurrencyExchangeController [http-nio-8000-exec-1] Exchange value : ExchangeValue(id=1, from=USD, to=SGD, conversionMultiple=1.5)
2020-06-22 11:53:21,895 INFO org.springframework.boot.StartupInfoLogger [restartedMain] Started CurrencyExchangeServiceApplication in 6.016 seconds (JVM running for 189.917)
2020-06-22 11:53:21,948 INFO org.springframework.boot.devtools.autoconfigure.ConditionEvaluationDeltaLoggingListener [restartedMain] Condition evaluation unchanged
2020-06-22 12:39:53,884 INFO org.springframework.scheduling.concurrent.ExecutorConfigurationSupport [Thread-19] Shutting down ExecutorService 'applicationTaskExecutor'
2020-06-22 12:39:55,983 INFO org.springframework.cloud.config.client.ConfigServicePropertySourceLocator [restartedMain] Fetching config from server at : http://localhost:8888
2020-06-22 12:39:57,020 INFO org.springframework.cloud.config.client.ConfigServicePropertySourceLocator [restartedMain] Connect Timeout Exception on Url - http://localhost:8888. Will be trying the next url if available
2020-06-22 12:39:57,021 WARN org.springframework.cloud.config.client.ConfigServicePropertySourceLocator [restartedMain] Could not locate PropertySource: I/O error on GET request for "http://localhost:8888/currency-exchange-service/default": Connection refused: no further information; nested exception is java.net.ConnectException: Connection refused: no further information
2020-06-22 12:39:57,023 INFO org.springframework.boot.SpringApplication [restartedMain] No active profile set, falling back to default profiles: default
2020-06-22 12:39:58,924 INFO org.springframework.cloud.context.scope.GenericScope [restartedMain] BeanFactory id=828eb8d2-1213-3ac6-ab6d-98908748db14
2020-06-22 12:39:59,302 INFO org.springframework.boot.web.embedded.tomcat.TomcatWebServer [restartedMain] Tomcat initialized with port(s): 8000 (http)
2020-06-22 12:39:59,305 INFO org.apache.juli.logging.DirectJDKLog [restartedMain] Initializing ProtocolHandler ["http-nio-8000"]
2020-06-22 12:39:59,307 INFO org.apache.juli.logging.DirectJDKLog [restartedMain] Starting service [Tomcat]
2020-06-22 12:39:59,312 INFO org.apache.juli.logging.DirectJDKLog [restartedMain] Starting Servlet engine: [Apache Tomcat/9.0.33]
2020-06-22 12:39:59,494 INFO org.apache.juli.logging.DirectJDKLog [restartedMain] Initializing Spring embedded WebApplicationContext
2020-06-22 12:39:59,498 INFO org.springframework.boot.web.servlet.context.ServletWebServerApplicationContext [restartedMain] Root WebApplicationContext: initialization completed in 2464 ms
2020-06-22 12:40:00,153 INFO org.springframework.scheduling.concurrent.ExecutorConfigurationSupport [restartedMain] Initializing ExecutorService 'applicationTaskExecutor'
2020-06-22 12:40:00,420 INFO org.springframework.boot.devtools.autoconfigure.OptionalLiveReloadServer [restartedMain] LiveReload server is running on port 35729
2020-06-22 12:40:00,626 INFO org.springframework.boot.actuate.endpoint.web.EndpointLinksResolver [restartedMain] Exposing 2 endpoint(s) beneath base path '/actuator'
2020-06-22 12:40:00,807 INFO org.apache.juli.logging.DirectJDKLog [restartedMain] Starting ProtocolHandler ["http-nio-8000"]
2020-06-22 12:40:00,834 INFO org.springframework.boot.web.embedded.tomcat.TomcatWebServer [restartedMain] Tomcat started on port(s): 8000 (http) with context path ''
2020-06-22 12:40:00,925 INFO org.springframework.boot.StartupInfoLogger [restartedMain] Started CurrencyExchangeServiceApplication in 6.741 seconds (JVM running for 2988.946)
2020-06-22 12:40:00,935 INFO org.springframework.boot.devtools.autoconfigure.ConditionEvaluationDeltaLoggingListener [restartedMain] Condition evaluation unchanged
2020-11-18 21:49:50,253 INFO org.springframework.test.context.support.AbstractTestContextBootstrapper [main] Neither @ContextConfiguration nor @ContextHierarchy found for test class [com.dpinc.microservices.currencyexchangeservice.CurrencyExchangeServiceApplicationTests], using SpringBootContextLoader
2020-11-18 21:49:50,267 INFO org.springframework.test.context.support.AbstractContextLoader [main] Could not detect default resource locations for test class [com.dpinc.microservices.currencyexchangeservice.CurrencyExchangeServiceApplicationTests]: no resource found for suffixes {-context.xml, Context.groovy}.
2020-11-18 21:49:50,269 INFO org.springframework.test.context.support.AnnotationConfigContextLoaderUtils [main] Could not detect default configuration classes for test class [com.dpinc.microservices.currencyexchangeservice.CurrencyExchangeServiceApplicationTests]: CurrencyExchangeServiceApplicationTests does not declare any static, non-private, non-final, nested classes annotated with @Configuration.
2020-11-18 21:49:50,554 INFO org.springframework.boot.test.context.SpringBootTestContextBootstrapper [main] Found @SpringBootConfiguration com.dpinc.microservices.currencyexchangeservice.CurrencyExchangeServiceApplication for test class com.dpinc.microservices.currencyexchangeservice.CurrencyExchangeServiceApplicationTests
2020-11-18 21:49:50,796 INFO org.springframework.test.context.support.AbstractTestContextBootstrapper [main] Loaded default TestExecutionListener class names from location [META-INF/spring.factories]: [org.springframework.boot.test.mock.mockito.MockitoTestExecutionListener, org.springframework.boot.test.mock.mockito.ResetMocksTestExecutionListener, org.springframework.boot.test.autoconfigure.restdocs.RestDocsTestExecutionListener, org.springframework.boot.test.autoconfigure.web.client.MockRestServiceServerResetTestExecutionListener, org.springframework.boot.test.autoconfigure.web.servlet.MockMvcPrintOnlyOnFailureTestExecutionListener, org.springframework.boot.test.autoconfigure.web.servlet.WebDriverTestExecutionListener, org.springframework.test.context.web.ServletTestExecutionListener, org.springframework.test.context.support.DirtiesContextBeforeModesTestExecutionListener, org.springframework.test.context.support.DependencyInjectionTestExecutionListener, org.springframework.test.context.support.DirtiesContextTestExecutionListener, org.springframework.test.context.transaction.TransactionalTestExecutionListener, org.springframework.test.context.jdbc.SqlScriptsTestExecutionListener, org.springframework.test.context.event.EventPublishingTestExecutionListener]
2020-11-18 21:49:50,836 INFO org.springframework.test.context.support.AbstractTestContextBootstrapper [main] Using TestExecutionListeners: [org.springframework.test.context.web.ServletTestExecutionListener@35390ee3, org.springframework.test.context.support.DirtiesContextBeforeModesTestExecutionListener@5e01a982, org.springframework.boot.test.mock.mockito.MockitoTestExecutionListener@5ddea849, org.springframework.boot.test.autoconfigure.SpringBootDependencyInjectionTestExecutionListener@5ee2b6f9, org.springframework.test.context.support.DirtiesContextTestExecutionListener@23d1e5d0, org.springframework.test.context.transaction.TransactionalTestExecutionListener@704f1591, org.springframework.test.context.jdbc.SqlScriptsTestExecutionListener@58fb7731, org.springframework.test.context.event.EventPublishingTestExecutionListener@13e547a9, org.springframework.boot.test.mock.mockito.ResetMocksTestExecutionListener@3fb6cf60, org.springframework.boot.test.autoconfigure.restdocs.RestDocsTestExecutionListener@37ddb69a, org.springframework.boot.test.autoconfigure.web.client.MockRestServiceServerResetTestExecutionListener@349c1daf, org.springframework.boot.test.autoconfigure.web.servlet.MockMvcPrintOnlyOnFailureTestExecutionListener@dfddc9a, org.springframework.boot.test.autoconfigure.web.servlet.WebDriverTestExecutionListener@4b9df8a]
2020-11-18 21:49:53,016 INFO org.springframework.cloud.config.client.ConfigServicePropertySourceLocator [main] Fetching config from server at : http://localhost:8888
2020-11-18 21:49:54,268 INFO org.springframework.cloud.config.client.ConfigServicePropertySourceLocator [main] Connect Timeout Exception on Url - http://localhost:8888. Will be trying the next url if available
2020-11-18 21:49:54,269 WARN org.springframework.cloud.config.client.ConfigServicePropertySourceLocator [main] Could not locate PropertySource: I/O error on GET request for "http://localhost:8888/currency-exchange-service/default": Connection refused: no further information; nested exception is java.net.ConnectException: Connection refused: no further information
2020-11-18 21:49:54,293 INFO org.springframework.boot.SpringApplication [main] No active profile set, falling back to default profiles: default
2020-11-18 21:49:56,345 INFO org.springframework.data.repository.config.RepositoryConfigurationDelegate [main] Bootstrapping Spring Data JPA repositories in DEFAULT mode.
2020-11-18 21:49:56,509 INFO org.springframework.data.repository.config.RepositoryConfigurationDelegate [main] Finished Spring Data repository scanning in 139ms. Found 1 JPA repository interfaces.
2020-11-18 21:49:57,062 INFO org.springframework.cloud.context.scope.GenericScope [main] BeanFactory id=92cc65d6-36bd-34ce-8553-acb059397912
2020-11-18 21:49:58,151 INFO com.zaxxer.hikari.HikariDataSource [main] HikariPool-1 - Starting...
2020-11-18 21:49:58,653 INFO com.zaxxer.hikari.HikariDataSource [main] HikariPool-1 - Start completed.
2020-11-18 21:49:59,364 INFO org.hibernate.jpa.internal.util.LogHelper [main] HHH000204: Processing PersistenceUnitInfo [name: default]
2020-11-18 21:49:59,594 INFO org.hibernate.Version [main] HHH000412: Hibernate ORM core version 5.4.12.Final
2020-11-18 21:50:00,054 INFO org.hibernate.annotations.common.reflection.java.JavaReflectionManager [main] HCANN000001: Hibernate Commons Annotations {5.1.0.Final}
2020-11-18 21:50:00,462 INFO org.hibernate.dialect.Dialect [main] HHH000400: Using dialect: org.hibernate.dialect.H2Dialect
2020-11-18 21:50:01,983 INFO org.hibernate.engine.transaction.jta.platform.internal.JtaPlatformInitiator [main] HHH000490: Using JtaPlatform implementation: [org.hibernate.engine.transaction.jta.platform.internal.NoJtaPlatform]
2020-11-18 21:50:01,998 INFO org.springframework.orm.jpa.AbstractEntityManagerFactoryBean [main] Initialized JPA EntityManagerFactory for persistence unit 'default'
2020-11-18 21:50:03,754 WARN org.springframework.boot.autoconfigure.orm.jpa.JpaBaseConfiguration$JpaWebConfiguration [main] spring.jpa.open-in-view is enabled by default. Therefore, database queries may be performed during view rendering. Explicitly configure spring.jpa.open-in-view to disable this warning
2020-11-18 21:50:05,606 INFO org.springframework.scheduling.concurrent.ExecutorConfigurationSupport [main] Initializing ExecutorService 'applicationTaskExecutor'
2020-11-18 21:50:07,079 INFO org.springframework.boot.autoconfigure.h2.H2ConsoleAutoConfiguration [main] H2 console available at '/h2-console'. Database available at 'jdbc:h2:mem:testdb'
2020-11-18 21:50:07,423 INFO org.springframework.boot.actuate.endpoint.web.EndpointLinksResolver [main] Exposing 2 endpoint(s) beneath base path '/actuator'
2020-11-18 21:50:07,571 INFO org.springframework.boot.StartupInfoLogger [main] Started CurrencyExchangeServiceApplicationTests in 16.621 seconds (JVM running for 19.096)
2020-11-18 21:50:08,372 INFO org.springframework.scheduling.concurrent.ExecutorConfigurationSupport [SpringContextShutdownHook] Shutting down ExecutorService 'applicationTaskExecutor'
2020-11-18 21:50:08,378 INFO org.springframework.orm.jpa.AbstractEntityManagerFactoryBean [SpringContextShutdownHook] Closing JPA EntityManagerFactory for persistence unit 'default'
2020-11-18 21:50:08,379 INFO org.hibernate.tool.schema.internal.SchemaDropperImpl$DelayedDropActionImpl [SpringContextShutdownHook] HHH000477: Starting delayed evictData of schema as part of SessionFactory shut-down'
2020-11-18 21:50:08,392 INFO com.zaxxer.hikari.HikariDataSource [SpringContextShutdownHook] HikariPool-1 - Shutdown initiated...
2020-11-18 21:50:08,397 INFO com.zaxxer.hikari.HikariDataSource [SpringContextShutdownHook] HikariPool-1 - Shutdown completed.
2020-11-18 21:51:05,483 INFO org.springframework.boot.logging.DeferredLog [restartedMain] The Class-Path manifest attribute in C:\Users\Dhruvesh\.m2\repository\org\glassfish\jaxb\jaxb-runtime\2.3.2\jaxb-runtime-2.3.2.jar referenced one or more files that do not exist: file:/C:/Users/Dhruvesh/.m2/repository/org/glassfish/jaxb/jaxb-runtime/2.3.2/jakarta.xml.bind-api-2.3.2.jar,file:/C:/Users/Dhruvesh/.m2/repository/org/glassfish/jaxb/jaxb-runtime/2.3.2/txw2-2.3.2.jar,file:/C:/Users/Dhruvesh/.m2/repository/org/glassfish/jaxb/jaxb-runtime/2.3.2/istack-commons-runtime-3.0.8.jar,file:/C:/Users/Dhruvesh/.m2/repository/org/glassfish/jaxb/jaxb-runtime/2.3.2/stax-ex-1.8.1.jar,file:/C:/Users/Dhruvesh/.m2/repository/org/glassfish/jaxb/jaxb-runtime/2.3.2/FastInfoset-1.2.16.jar,file:/C:/Users/Dhruvesh/.m2/repository/org/glassfish/jaxb/jaxb-runtime/2.3.2/jakarta.activation-api-1.2.1.jar
2020-11-18 21:51:05,488 INFO org.springframework.boot.logging.DeferredLog [restartedMain] Devtools property defaults active! Set 'spring.devtools.add-properties' to 'false' to disable
2020-11-18 21:51:06,461 INFO org.springframework.cloud.config.client.ConfigServicePropertySourceLocator [restartedMain] Fetching config from server at : http://localhost:8888
2020-11-18 21:51:07,760 INFO org.springframework.cloud.config.client.ConfigServicePropertySourceLocator [restartedMain] Connect Timeout Exception on Url - http://localhost:8888. Will be trying the next url if available
2020-11-18 21:51:07,762 WARN org.springframework.cloud.config.client.ConfigServicePropertySourceLocator [restartedMain] Could not locate PropertySource: I/O error on GET request for "http://localhost:8888/currency-exchange-service/default": Connection refused: no further information; nested exception is java.net.ConnectException: Connection refused: no further information
2020-11-18 21:51:07,776 INFO org.springframework.boot.SpringApplication [restartedMain] No active profile set, falling back to default profiles: default
2020-11-18 21:51:09,883 INFO org.springframework.data.repository.config.RepositoryConfigurationDelegate [restartedMain] Bootstrapping Spring Data JPA repositories in DEFAULT mode.
2020-11-18 21:51:10,039 INFO org.springframework.data.repository.config.RepositoryConfigurationDelegate [restartedMain] Finished Spring Data repository scanning in 131ms. Found 1 JPA repository interfaces.
2020-11-18 21:51:10,544 INFO org.springframework.cloud.context.scope.GenericScope [restartedMain] BeanFactory id=c3e19131-49bd-383a-9f7a-1086c07d983a
2020-11-18 21:51:12,157 INFO org.springframework.boot.web.embedded.tomcat.TomcatWebServer [restartedMain] Tomcat initialized with port(s): 8000 (http)
2020-11-18 21:51:12,184 INFO org.apache.juli.logging.DirectJDKLog [restartedMain] Initializing ProtocolHandler ["http-nio-8000"]
2020-11-18 21:51:12,187 INFO org.apache.juli.logging.DirectJDKLog [restartedMain] Starting service [Tomcat]
2020-11-18 21:51:12,188 INFO org.apache.juli.logging.DirectJDKLog [restartedMain] Starting Servlet engine: [Apache Tomcat/9.0.33]
2020-11-18 21:51:12,514 INFO org.apache.juli.logging.DirectJDKLog [restartedMain] Initializing Spring embedded WebApplicationContext
2020-11-18 21:51:12,517 INFO org.springframework.boot.web.servlet.context.ServletWebServerApplicationContext [restartedMain] Root WebApplicationContext: initialization completed in 4685 ms
2020-11-18 21:51:12,859 INFO com.zaxxer.hikari.HikariDataSource [restartedMain] HikariPool-1 - Starting...
2020-11-18 21:51:13,312 INFO com.zaxxer.hikari.HikariDataSource [restartedMain] HikariPool-1 - Start completed.
2020-11-18 21:51:13,328 INFO org.springframework.boot.autoconfigure.h2.H2ConsoleAutoConfiguration [restartedMain] H2 console available at '/h2-console'. Database available at 'jdbc:h2:mem:testdb'
2020-11-18 21:51:14,022 INFO org.hibernate.jpa.internal.util.LogHelper [restartedMain] HHH000204: Processing PersistenceUnitInfo [name: default]
2020-11-18 21:51:14,187 INFO org.hibernate.Version [restartedMain] HHH000412: Hibernate ORM core version 5.4.12.Final
2020-11-18 21:51:14,515 INFO org.hibernate.annotations.common.reflection.java.JavaReflectionManager [restartedMain] HCANN000001: Hibernate Commons Annotations {5.1.0.Final}
2020-11-18 21:51:14,805 INFO org.hibernate.dialect.Dialect [restartedMain] HHH000400: Using dialect: org.hibernate.dialect.H2Dialect
2020-11-18 21:51:16,265 INFO org.hibernate.engine.transaction.jta.platform.internal.JtaPlatformInitiator [restartedMain] HHH000490: Using JtaPlatform implementation: [org.hibernate.engine.transaction.jta.platform.internal.NoJtaPlatform]
2020-11-18 21:51:16,283 INFO org.springframework.orm.jpa.AbstractEntityManagerFactoryBean [restartedMain] Initialized JPA EntityManagerFactory for persistence unit 'default'
2020-11-18 21:51:16,336 INFO org.springframework.boot.devtools.autoconfigure.OptionalLiveReloadServer [restartedMain] LiveReload server is running on port 35729
2020-11-18 21:51:17,281 WARN org.springframework.boot.autoconfigure.orm.jpa.JpaBaseConfiguration$JpaWebConfiguration [restartedMain] spring.jpa.open-in-view is enabled by default. Therefore, database queries may be performed during view rendering. Explicitly configure spring.jpa.open-in-view to disable this warning
2020-11-18 21:51:17,698 INFO org.springframework.scheduling.concurrent.ExecutorConfigurationSupport [restartedMain] Initializing ExecutorService 'applicationTaskExecutor'
2020-11-18 21:51:18,423 INFO org.springframework.boot.actuate.endpoint.web.EndpointLinksResolver [restartedMain] Exposing 2 endpoint(s) beneath base path '/actuator'
2020-11-18 21:51:18,519 INFO org.apache.juli.logging.DirectJDKLog [restartedMain] Starting ProtocolHandler ["http-nio-8000"]
2020-11-18 21:51:18,587 INFO org.springframework.boot.web.embedded.tomcat.TomcatWebServer [restartedMain] Tomcat started on port(s): 8000 (http) with context path ''
2020-11-18 21:51:18,636 INFO org.springframework.boot.StartupInfoLogger [restartedMain] Started CurrencyExchangeServiceApplication in 14.16 seconds (JVM running for 15.456)
2020-11-18 21:51:24,263 INFO org.apache.juli.logging.DirectJDKLog [http-nio-8000-exec-1] Initializing Spring DispatcherServlet 'dispatcherServlet'
2020-11-18 21:51:24,264 INFO org.springframework.web.servlet.FrameworkServlet [http-nio-8000-exec-1] Initializing Servlet 'dispatcherServlet'
2020-11-18 21:51:24,287 INFO org.springframework.web.servlet.FrameworkServlet [http-nio-8000-exec-1] Completed initialization in 22 ms
2020-11-18 21:51:24,659 INFO com.dpinc.microservices.currencyexchangeservice.CurrencyExchangeController [http-nio-8000-exec-1] The Exchange value from USD to INR conversion is 75.00
2020-11-18 21:51:24,660 INFO com.dpinc.microservices.currencyexchangeservice.CurrencyExchangeController [http-nio-8000-exec-1] Exchange value : ExchangeValue(id=10001, from=USD, to=INR, conversionMultiple=75.00)
2020-11-18 21:51:29,436 INFO com.dpinc.microservices.currencyexchangeservice.CurrencyExchangeController [http-nio-8000-exec-2] The Exchange value from GBP to INR conversion is 98.00
2020-11-18 21:51:29,437 INFO com.dpinc.microservices.currencyexchangeservice.CurrencyExchangeController [http-nio-8000-exec-2] Exchange value : ExchangeValue(id=10004, from=GBP, to=INR, conversionMultiple=98.00)
